# JRE version: OpenJDK Runtime Environment (8.0_152-b01) (build 1.8.0_152-release-1343-b01)
# Java VM: OpenJDK 64-Bit Server VM (25.152-b01 mixed mode windows-amd64 compressed oops)
Heap:
 PSYoungGen      total 76800K, used 74487K [0x00000000e0000000, 0x00000000e8500000, 0x0000000100000000)
  eden space 66560K, 100% used [0x00000000e0000000,0x00000000e4100000,0x00000000e4100000)
  from space 10240K, 77% used [0x00000000e4100000,0x00000000e48bdc20,0x00000000e4b00000)
  to   space 10240K, 25% used [0x00000000e7b00000,0x00000000e7d98000,0x00000000e8500000)
 ParOldGen       total 54784K, used 7885K [0x00000000a0000000, 0x00000000a3580000, 0x00000000e0000000)
  object space 54784K, 14% used [0x00000000a0000000,0x00000000a07b3410,0x00000000a3580000)
 Metaspace       used 32210K, capacity 32692K, committed 32816K, reserved 1077248K
  class space    used 4435K, capacity 4654K, committed 4656K, reserved 1048576K
GC Heap History (10 events):
Event: 12.984 GC heap after
Heap after GC invocations=4 (full 0):
 PSYoungGen      total 38400K, used 5104K [0x00000000e0000000, 0x00000000e2a80000, 0x0000000100000000)
  eden space 33280K, 0% used [0x00000000e0000000,0x00000000e0000000,0x00000000e2080000)
  from space 5120K, 99% used [0x00000000e2580000,0x00000000e2a7c010,0x00000000e2a80000)
  to   space 5120K, 0% used [0x00000000e2080000,0x00000000e2080000,0x00000000e2580000)
 ParOldGen       total 87552K, used 5086K [0x00000000a0000000, 0x00000000a5580000, 0x00000000e0000000)
  object space 87552K, 5% used [0x00000000a0000000,0x00000000a04f79a0,0x00000000a5580000)
 Metaspace       used 16267K, capacity 16560K, committed 16896K, reserved 1062912K
  class space    used 2320K, capacity 2460K, committed 2560K, reserved 1048576K
}
Event: 14.533 GC heap before
{Heap before GC invocations=5 (full 0):
 PSYoungGen      total 38400K, used 38384K [0x00000000e0000000, 0x00000000e2a80000, 0x0000000100000000)
  eden space 33280K, 100% used [0x00000000e0000000,0x00000000e2080000,0x00000000e2080000)
  from space 5120K, 99% used [0x00000000e2580000,0x00000000e2a7c010,0x00000000e2a80000)
  to   space 5120K, 0% used [0x00000000e2080000,0x00000000e2080000,0x00000000e2580000)
 ParOldGen       total 87552K, used 5086K [0x00000000a0000000, 0x00000000a5580000, 0x00000000e0000000)
  object space 87552K, 5% used [0x00000000a0000000,0x00000000a04f79a0,0x00000000a5580000)
 Metaspace       used 19574K, capacity 20062K, committed 20224K, reserved 1067008K
  class space    used 2814K, capacity 2995K, committed 3072K, reserved 1048576K
Event: 14.561 GC heap after
Heap after GC invocations=5 (full 0):
 PSYoungGen      total 38400K, used 5108K [0x00000000e0000000, 0x00000000e5600000, 0x0000000100000000)
  eden space 33280K, 0% used [0x00000000e0000000,0x00000000e0000000,0x00000000e2080000)
  from space 5120K, 99% used [0x00000000e2080000,0x00000000e257d040,0x00000000e2580000)
  to   space 10752K, 0% used [0x00000000e4b80000,0x00000000e4b80000,0x00000000e5600000)
 ParOldGen       total 87552K, used 9110K [0x00000000a0000000, 0x00000000a5580000, 0x00000000e0000000)
  object space 87552K, 10% used [0x00000000a0000000,0x00000000a08e59e8,0x00000000a5580000)
 Metaspace       used 19574K, capacity 20062K, committed 20224K, reserved 1067008K
  class space    used 2814K, capacity 2995K, committed 3072K, reserved 1048576K
}
Event: 14.889 GC heap before
{Heap before GC invocations=6 (full 0):
 PSYoungGen      total 38400K, used 13174K [0x00000000e0000000, 0x00000000e5600000, 0x0000000100000000)
  eden space 33280K, 24% used [0x00000000e0000000,0x00000000e07e08b8,0x00000000e2080000)
  from space 5120K, 99% used [0x00000000e2080000,0x00000000e257d040,0x00000000e2580000)
  to   space 10752K, 0% used [0x00000000e4b80000,0x00000000e4b80000,0x00000000e5600000)
 ParOldGen       total 87552K, used 9110K [0x00000000a0000000, 0x00000000a5580000, 0x00000000e0000000)
  object space 87552K, 10% used [0x00000000a0000000,0x00000000a08e59e8,0x00000000a5580000)
 Metaspace       used 20781K, capacity 21246K, committed 21296K, reserved 1067008K
  class space    used 2903K, capacity 3091K, committed 3120K, reserved 1048576K
Event: 14.911 GC heap after
Heap after GC invocations=6 (full 0):
 PSYoungGen      total 76288K, used 6513K [0x00000000e0000000, 0x00000000e5500000, 0x0000000100000000)
  eden space 66560K, 0% used [0x00000000e0000000,0x00000000e0000000,0x00000000e4100000)
  from space 9728K, 66% used [0x00000000e4b80000,0x00000000e51dc6b0,0x00000000e5500000)
  to   space 10240K, 0% used [0x00000000e4100000,0x00000000e4100000,0x00000000e4b00000)
 ParOldGen       total 87552K, used 9118K [0x00000000a0000000, 0x00000000a5580000, 0x00000000e0000000)
  object space 87552K, 10% used [0x00000000a0000000,0x00000000a08e79e8,0x00000000a5580000)
 Metaspace       used 20781K, capacity 21246K, committed 21296K, reserved 1067008K
  class space    used 2903K, capacity 3091K, committed 3120K, reserved 1048576K
}
Event: 14.912 GC heap before
{Heap before GC invocations=7 (full 1):
 PSYoungGen      total 76288K, used 6513K [0x00000000e0000000, 0x00000000e5500000, 0x0000000100000000)
  eden space 66560K, 0% used [0x00000000e0000000,0x00000000e0000000,0x00000000e4100000)
  from space 9728K, 66% used [0x00000000e4b80000,0x00000000e51dc6b0,0x00000000e5500000)
  to   space 10240K, 0% used [0x00000000e4100000,0x00000000e4100000,0x00000000e4b00000)
 ParOldGen       total 87552K, used 9118K [0x00000000a0000000, 0x00000000a5580000, 0x00000000e0000000)
  object space 87552K, 10% used [0x00000000a0000000,0x00000000a08e79e8,0x00000000a5580000)
 Metaspace       used 20781K, capacity 21246K, committed 21296K, reserved 1067008K
  class space    used 2903K, capacity 3091K, committed 3120K, reserved 1048576K
Event: 15.023 GC heap after
Heap after GC invocations=7 (full 1):
 PSYoungGen      total 76288K, used 0K [0x00000000e0000000, 0x00000000e5500000, 0x0000000100000000)
  eden space 66560K, 0% used [0x00000000e0000000,0x00000000e0000000,0x00000000e4100000)
  from space 9728K, 0% used [0x00000000e4b80000,0x00000000e4b80000,0x00000000e5500000)
  to   space 10240K, 0% used [0x00000000e4100000,0x00000000e4100000,0x00000000e4b00000)
 ParOldGen       total 54784K, used 7877K [0x00000000a0000000, 0x00000000a3580000, 0x00000000e0000000)
  object space 54784K, 14% used [0x00000000a0000000,0x00000000a07b1410,0x00000000a3580000)
 Metaspace       used 20781K, capacity 21246K, committed 21296K, reserved 1067008K
  class space    used 2903K, capacity 3091K, committed 3120K, reserved 1048576K
}
Event: 17.612 GC heap before
{Heap before GC invocations=8 (full 1):
 PSYoungGen      total 76288K, used 66560K [0x00000000e0000000, 0x00000000e5500000, 0x0000000100000000)
  eden space 66560K, 100% used [0x00000000e0000000,0x00000000e4100000,0x00000000e4100000)
  from space 9728K, 0% used [0x00000000e4b80000,0x00000000e4b80000,0x00000000e5500000)
  to   space 10240K, 0% used [0x00000000e4100000,0x00000000e4100000,0x00000000e4b00000)
 ParOldGen       total 54784K, used 7877K [0x00000000a0000000, 0x00000000a3580000, 0x00000000e0000000)
  object space 54784K, 14% used [0x00000000a0000000,0x00000000a07b1410,0x00000000a3580000)
 Metaspace       used 28869K, capacity 29406K, committed 29744K, reserved 1075200K
  class space    used 3877K, capacity 4074K, committed 4144K, reserved 1048576K
Event: 17.637 GC heap after
Heap after GC invocations=8 (full 1):
 PSYoungGen      total 76800K, used 7927K [0x00000000e0000000, 0x00000000e8500000, 0x0000000100000000)
  eden space 66560K, 0% used [0x00000000e0000000,0x00000000e0000000,0x00000000e4100000)
  from space 10240K, 77% used [0x00000000e4100000,0x00000000e48bdc20,0x00000000e4b00000)
  to   space 10240K, 0% used [0x00000000e7b00000,0x00000000e7b00000,0x00000000e8500000)
 ParOldGen       total 54784K, used 7885K [0x00000000a0000000, 0x00000000a3580000, 0x00000000e0000000)
  object space 54784K, 14% used [0x00000000a0000000,0x00000000a07b3410,0x00000000a3580000)
 Metaspace       used 28869K, capacity 29406K, committed 29744K, reserved 1075200K
  class space    used 3877K, capacity 4074K, committed 4144K, reserved 1048576K
}
Event: 19.457 GC heap before
{Heap before GC invocations=9 (full 1):
 PSYoungGen      total 76800K, used 74487K [0x00000000e0000000, 0x00000000e8500000, 0x0000000100000000)
  eden space 66560K, 100% used [0x00000000e0000000,0x00000000e4100000,0x00000000e4100000)
  from space 10240K, 77% used [0x00000000e4100000,0x00000000e48bdc20,0x00000000e4b00000)
  to   space 10240K, 0% used [0x00000000e7b00000,0x00000000e7b00000,0x00000000e8500000)
 ParOldGen       total 54784K, used 7885K [0x00000000a0000000, 0x00000000a3580000, 0x00000000e0000000)
  object space 54784K, 14% used [0x00000000a0000000,0x00000000a07b3410,0x00000000a3580000)
 Metaspace       used 32210K, capacity 32692K, committed 32816K, reserved 1077248K
  class space    used 4435K, capacity 4654K, committed 4656K, reserved 1048576K

