# JRE version: OpenJDK Runtime Environment (8.0_152-b01) (build 1.8.0_152-release-1343-b01)
# Java VM: OpenJDK 64-Bit Server VM (25.152-b01 mixed mode windows-amd64 compressed oops)
Heap:
 PSYoungGen      total 202752K, used 147222K [0x00000000e0000000, 0x00000000edd80000, 0x0000000100000000)
  eden space 187392K, 70% used [0x00000000e0000000,0x00000000e80c8f48,0x00000000eb700000)
  from space 15360K, 99% used [0x00000000ece80000,0x00000000edd7cae8,0x00000000edd80000)
  to   space 17920K, 0% used [0x00000000eba80000,0x00000000eba80000,0x00000000ecc00000)
 ParOldGen       total 81920K, used 35863K [0x00000000a0000000, 0x00000000a5000000, 0x00000000e0000000)
  object space 81920K, 43% used [0x00000000a0000000,0x00000000a2305ef0,0x00000000a5000000)
 Metaspace       used 74402K, capacity 76738K, committed 77080K, reserved 1116160K
  class space    used 9898K, capacity 10406K, committed 10528K, reserved 1048576K
GC Heap History (10 events):
Event: 21.574 GC heap before
{Heap before GC invocations=11 (full 2):
 PSYoungGen      total 125440K, used 9658K [0x00000000e0000000, 0x00000000eb580000, 0x0000000100000000)
  eden space 114688K, 0% used [0x00000000e0000000,0x00000000e0000000,0x00000000e7000000)
  from space 10752K, 89% used [0x00000000e7000000,0x00000000e796e920,0x00000000e7a80000)
  to   space 11264K, 0% used [0x00000000eaa80000,0x00000000eaa80000,0x00000000eb580000)
 ParOldGen       total 54784K, used 7856K [0x00000000a0000000, 0x00000000a3580000, 0x00000000e0000000)
  object space 54784K, 14% used [0x00000000a0000000,0x00000000a07ac350,0x00000000a3580000)
 Metaspace       used 34775K, capacity 35434K, committed 35496K, reserved 1079296K
  class space    used 4799K, capacity 4998K, committed 5040K, reserved 1048576K
Event: 21.764 GC heap after
Heap after GC invocations=11 (full 2):
 PSYoungGen      total 125440K, used 0K [0x00000000e0000000, 0x00000000eb580000, 0x0000000100000000)
  eden space 114688K, 0% used [0x00000000e0000000,0x00000000e0000000,0x00000000e7000000)
  from space 10752K, 0% used [0x00000000e7000000,0x00000000e7000000,0x00000000e7a80000)
  to   space 11264K, 0% used [0x00000000eaa80000,0x00000000eaa80000,0x00000000eb580000)
 ParOldGen       total 81920K, used 16542K [0x00000000a0000000, 0x00000000a5000000, 0x00000000e0000000)
  object space 81920K, 20% used [0x00000000a0000000,0x00000000a1027888,0x00000000a5000000)
 Metaspace       used 34771K, capacity 35422K, committed 35496K, reserved 1079296K
  class space    used 4798K, capacity 4996K, committed 5040K, reserved 1048576K
}
Event: 27.419 GC heap before
{Heap before GC invocations=12 (full 2):
 PSYoungGen      total 125440K, used 114688K [0x00000000e0000000, 0x00000000eb580000, 0x0000000100000000)
  eden space 114688K, 100% used [0x00000000e0000000,0x00000000e7000000,0x00000000e7000000)
  from space 10752K, 0% used [0x00000000e7000000,0x00000000e7000000,0x00000000e7a80000)
  to   space 11264K, 0% used [0x00000000eaa80000,0x00000000eaa80000,0x00000000eb580000)
 ParOldGen       total 81920K, used 16542K [0x00000000a0000000, 0x00000000a5000000, 0x00000000e0000000)
  object space 81920K, 20% used [0x00000000a0000000,0x00000000a1027888,0x00000000a5000000)
 Metaspace       used 46793K, capacity 47732K, committed 48040K, reserved 1091584K
  class space    used 6243K, capacity 6511K, committed 6576K, reserved 1048576K
Event: 27.473 GC heap after
Heap after GC invocations=12 (full 2):
 PSYoungGen      total 161280K, used 11254K [0x00000000e0000000, 0x00000000eb580000, 0x0000000100000000)
  eden space 150016K, 0% used [0x00000000e0000000,0x00000000e0000000,0x00000000e9280000)
  from space 11264K, 99% used [0x00000000eaa80000,0x00000000eb57dae0,0x00000000eb580000)
  to   space 13824K, 0% used [0x00000000e9a80000,0x00000000e9a80000,0x00000000ea800000)
 ParOldGen       total 81920K, used 20509K [0x00000000a0000000, 0x00000000a5000000, 0x00000000e0000000)
  object space 81920K, 25% used [0x00000000a0000000,0x00000000a1407648,0x00000000a5000000)
 Metaspace       used 46793K, capacity 47732K, committed 48040K, reserved 1091584K
  class space    used 6243K, capacity 6511K, committed 6576K, reserved 1048576K
}
Event: 32.447 GC heap before
{Heap before GC invocations=13 (full 2):
 PSYoungGen      total 161280K, used 139536K [0x00000000e0000000, 0x00000000eb580000, 0x0000000100000000)
  eden space 150016K, 85% used [0x00000000e0000000,0x00000000e7d46850,0x00000000e9280000)
  from space 11264K, 99% used [0x00000000eaa80000,0x00000000eb57dae0,0x00000000eb580000)
  to   space 13824K, 0% used [0x00000000e9a80000,0x00000000e9a80000,0x00000000ea800000)
 ParOldGen       total 81920K, used 20509K [0x00000000a0000000, 0x00000000a5000000, 0x00000000e0000000)
  object space 81920K, 25% used [0x00000000a0000000,0x00000000a1407648,0x00000000a5000000)
 Metaspace       used 57560K, capacity 59026K, committed 59160K, reserved 1099776K
  class space    used 7766K, capacity 8138K, committed 8224K, reserved 1048576K
Event: 32.531 GC heap after
Heap after GC invocations=13 (full 2):
 PSYoungGen      total 172032K, used 13164K [0x00000000e0000000, 0x00000000edd80000, 0x0000000100000000)
  eden space 158208K, 0% used [0x00000000e0000000,0x00000000e0000000,0x00000000e9a80000)
  from space 13824K, 95% used [0x00000000e9a80000,0x00000000ea75b378,0x00000000ea800000)
  to   space 15360K, 0% used [0x00000000ece80000,0x00000000ece80000,0x00000000edd80000)
 ParOldGen       total 81920K, used 28144K [0x00000000a0000000, 0x00000000a5000000, 0x00000000e0000000)
  object space 81920K, 34% used [0x00000000a0000000,0x00000000a1b7c150,0x00000000a5000000)
 Metaspace       used 57560K, capacity 59026K, committed 59160K, reserved 1099776K
  class space    used 7766K, capacity 8138K, committed 8224K, reserved 1048576K
}
Event: 32.531 GC heap before
{Heap before GC invocations=14 (full 3):
 PSYoungGen      total 172032K, used 13164K [0x00000000e0000000, 0x00000000edd80000, 0x0000000100000000)
  eden space 158208K, 0% used [0x00000000e0000000,0x00000000e0000000,0x00000000e9a80000)
  from space 13824K, 95% used [0x00000000e9a80000,0x00000000ea75b378,0x00000000ea800000)
  to   space 15360K, 0% used [0x00000000ece80000,0x00000000ece80000,0x00000000edd80000)
 ParOldGen       total 81920K, used 28144K [0x00000000a0000000, 0x00000000a5000000, 0x00000000e0000000)
  object space 81920K, 34% used [0x00000000a0000000,0x00000000a1b7c150,0x00000000a5000000)
 Metaspace       used 57560K, capacity 59026K, committed 59160K, reserved 1099776K
  class space    used 7766K, capacity 8138K, committed 8224K, reserved 1048576K
Event: 33.255 GC heap after
Heap after GC invocations=14 (full 3):
 PSYoungGen      total 172032K, used 0K [0x00000000e0000000, 0x00000000edd80000, 0x0000000100000000)
  eden space 158208K, 0% used [0x00000000e0000000,0x00000000e0000000,0x00000000e9a80000)
  from space 13824K, 0% used [0x00000000e9a80000,0x00000000e9a80000,0x00000000ea800000)
  to   space 15360K, 0% used [0x00000000ece80000,0x00000000ece80000,0x00000000edd80000)
 ParOldGen       total 81920K, used 34264K [0x00000000a0000000, 0x00000000a5000000, 0x00000000e0000000)
  object space 81920K, 41% used [0x00000000a0000000,0x00000000a21761a8,0x00000000a5000000)
 Metaspace       used 57560K, capacity 59026K, committed 59160K, reserved 1099776K
  class space    used 7766K, capacity 8138K, committed 8224K, reserved 1048576K
}
Event: 46.107 GC heap before
{Heap before GC invocations=15 (full 3):
 PSYoungGen      total 172032K, used 158208K [0x00000000e0000000, 0x00000000edd80000, 0x0000000100000000)
  eden space 158208K, 100% used [0x00000000e0000000,0x00000000e9a80000,0x00000000e9a80000)
  from space 13824K, 0% used [0x00000000e9a80000,0x00000000e9a80000,0x00000000ea800000)
  to   space 15360K, 0% used [0x00000000ece80000,0x00000000ece80000,0x00000000edd80000)
 ParOldGen       total 81920K, used 34264K [0x00000000a0000000, 0x00000000a5000000, 0x00000000e0000000)
  object space 81920K, 41% used [0x00000000a0000000,0x00000000a21761a8,0x00000000a5000000)
 Metaspace       used 65495K, capacity 67276K, committed 67480K, reserved 1107968K
  class space    used 8836K, capacity 9253K, committed 9376K, reserved 1048576K
Event: 46.195 GC heap after
Heap after GC invocations=15 (full 3):
 PSYoungGen      total 202752K, used 15346K [0x00000000e0000000, 0x00000000edd80000, 0x0000000100000000)
  eden space 187392K, 0% used [0x00000000e0000000,0x00000000e0000000,0x00000000eb700000)
  from space 15360K, 99% used [0x00000000ece80000,0x00000000edd7cae8,0x00000000edd80000)
  to   space 17920K, 0% used [0x00000000eba80000,0x00000000eba80000,0x00000000ecc00000)
 ParOldGen       total 81920K, used 35863K [0x00000000a0000000, 0x00000000a5000000, 0x00000000e0000000)
  object space 81920K, 43% used [0x00000000a0000000,0x00000000a2305ef0,0x00000000a5000000)
 Metaspace       used 65495K, capacity 67276K, committed 67480K, reserved 1107968K
  class space    used 8836K, capacity 9253K, committed 9376K, reserved 1048576K
}

